[2024-03-09 15:13:58] local.ERROR: View [Auth.register] not found. {"exception":"[object] (InvalidArgumentException(code: 0): View [Auth.register] not found. at /home/u687296738/domains/pinoyspecialsrecipe.online/public_html/pinoyspecials/vendor/laravel/framework/src/Illuminate/View/FileViewFinder.php:137)
[stacktrace]
#0 /home/u687296738/domains/pinoyspecialsrecipe.online/public_html/pinoyspecials/vendor/laravel/framework/src/Illuminate/View/FileViewFinder.php(79): Illuminate\\View\\FileViewFinder->findInPaths()
#1 /home/u687296738/domains/pinoyspecialsrecipe.online/public_html/pinoyspecials/vendor/laravel/framework/src/Illuminate/View/Factory.php(137): Illuminate\\View\\FileViewFinder->find()
#2 /home/u687296738/domains/pinoyspecialsrecipe.online/public_html/pinoyspecials/vendor/laravel/framework/src/Illuminate/Foundation/helpers.php(1020): Illuminate\\View\\Factory->make()
#3 /home/u687296738/domains/pinoyspecialsrecipe.online/public_html/pinoyspecials/app/Http/Controllers/Auth/LoginRegisterCtrl.php(96): view()
#4 /home/u687296738/domains/pinoyspecialsrecipe.online/public_html/pinoyspecials/vendor/laravel/framework/src/Illuminate/Routing/Controller.php(54): App\\Http\\Controllers\\Auth\\LoginRegisterCtrl->register()
#5 /home/u687296738/domains/pinoyspecialsrecipe.online/public_html/pinoyspecials/vendor/laravel/framework/src/Illuminate/Routing/ControllerDispatcher.php(43): Illuminate\\Routing\\Controller->callAction()
#6 /home/u687296738/domains/pinoyspecialsrecipe.online/public_html/pinoyspecials/vendor/laravel/framework/src/Illuminate/Routing/Route.php(259): Illuminate\\Routing\\ControllerDispatcher->dispatch()
#7 /home/u687296738/domains/pinoyspecialsrecipe.online/public_html/pinoyspecials/vendor/laravel/framework/src/Illuminate/Routing/Route.php(205): Illuminate\\Routing\\Route->runController()
#8 /home/u687296738/domains/pinoyspecialsrecipe.online/public_html/pinoyspecials/vendor/laravel/framework/src/Illuminate/Routing/Router.php(806): Illuminate\\Routing\\Route->run()
#9 /home/u687296738/domains/pinoyspecialsrecipe.online/public_html/pinoyspecials/vendor/laravel/framework/src/Illuminate/Pipeline/Pipeline.php(144): Illuminate\\Routing\\Router->Illuminate\\Routing\\{closure}()
#10 /home/u687296738/domains/pinoyspecialsrecipe.online/public_html/pinoyspecials/app/Http/Middleware/RedirectIfAuthenticated.php(28): Illuminate\\Pipeline\\Pipeline->Illuminate\\Pipeline\\{closure}()
#11 /home/u687296738/domains/pinoyspecialsrecipe.online/public_html/pinoyspecials/vendor/laravel/framework/src/Illuminate/Pipeline/Pipeline.php(183): App\\Http\\Middleware\\RedirectIfAuthenticated->handle()
#12 /home/u687296738/domains/pinoyspecialsrecipe.online/public_html/pinoyspecials/vendor/laravel/framework/src/Illuminate/Routing/Middleware/SubstituteBindings.php(50): Illuminate\\Pipeline\\Pipeline->Illuminate\\Pipeline\\{closure}()
#13 /home/u687296738/domains/pinoyspecialsrecipe.online/public_html/pinoyspecials/vendor/laravel/framework/src/Illuminate/Pipeline/Pipeline.php(183): Illuminate\\Routing\\Middleware\\SubstituteBindings->handle()
#14 /home/u687296738/domains/pinoyspecialsrecipe.online/public_html/pinoyspecials/vendor/laravel/framework/src/Illuminate/Foundation/Http/Middleware/VerifyCsrfToken.php(78): Illuminate\\Pipeline\\Pipeline->Illuminate\\Pipeline\\{closure}()
#15 /home/u687296738/domains/pinoyspecialsrecipe.online/public_html/pinoyspecials/vendor/laravel/framework/src/Illuminate/Pipeline/Pipeline.php(183): Illuminate\\Foundation\\Http\\Middleware\\VerifyCsrfToken->handle()
#16 /home/u687296738/domains/pinoyspecialsrecipe.online/public_html/pinoyspecials/vendor/laravel/framework/src/Illuminate/View/Middleware/ShareErrorsFromSession.php(49): Illuminate\\Pipeline\\Pipeline->Illuminate\\Pipeline\\{closure}()
#17 /home/u687296738/domains/pinoyspecialsrecipe.online/public_html/pinoyspecials/vendor/laravel/framework/src/Illuminate/Pipeline/Pipeline.php(183): Illuminate\\View\\Middleware\\ShareErrorsFromSession->handle()
#18 /home/u687296738/domains/pinoyspecialsrecipe.online/public_html/pinoyspecials/vendor/laravel/framework/src/Illuminate/Session/Middleware/StartSession.php(121): Illuminate\\Pipeline\\Pipeline->Illuminate\\Pipeline\\{closure}()
#19 /home/u687296738/domains/pinoyspecialsrecipe.online/public_html/pinoyspecials/vendor/laravel/framework/src/Illuminate/Session/Middleware/StartSession.php(64): Illuminate\\Session\\Middleware\\StartSession->handleStatefulRequest()
#20 /home/u687296738/domains/pinoyspecialsrecipe.online/public_html/pinoyspecials/vendor/laravel/framework/src/Illuminate/Pipeline/Pipeline.php(183): Illuminate\\Session\\Middleware\\StartSession->handle()
#21 /home/u687296738/domains/pinoyspecialsrecipe.online/public_html/pinoyspecials/vendor/laravel/framework/src/Illuminate/Cookie/Middleware/AddQueuedCookiesToResponse.php(37): Illuminate\\Pipeline\\Pipeline->Illuminate\\Pipeline\\{closure}()
#22 /home/u687296738/domains/pinoyspecialsrecipe.online/public_html/pinoyspecials/vendor/laravel/framework/src/Illuminate/Pipeline/Pipeline.php(183): Illuminate\\Cookie\\Middleware\\AddQueuedCookiesToResponse->handle()
#23 /home/u687296738/domains/pinoyspecialsrecipe.online/public_html/pinoyspecials/vendor/laravel/framework/src/Illuminate/Cookie/Middleware/EncryptCookies.php(67): Illuminate\\Pipeline\\Pipeline->Illuminate\\Pipeline\\{closure}()
#24 /home/u687296738/domains/pinoyspecialsrecipe.online/public_html/pinoyspecials/vendor/laravel/framework/src/Illuminate/Pipeline/Pipeline.php(183): Illuminate\\Cookie\\Middleware\\EncryptCookies->handle()
#25 /home/u687296738/domains/pinoyspecialsrecipe.online/public_html/pinoyspecials/vendor/laravel/framework/src/Illuminate/Pipeline/Pipeline.php(119): Illuminate\\Pipeline\\Pipeline->Illuminate\\Pipeline\\{closure}()
#26 /home/u687296738/domains/pinoyspecialsrecipe.online/public_html/pinoyspecials/vendor/laravel/framework/src/Illuminate/Routing/Router.php(805): Illuminate\\Pipeline\\Pipeline->then()
#27 /home/u687296738/domains/pinoyspecialsrecipe.online/public_html/pinoyspecials/vendor/laravel/framework/src/Illuminate/Routing/Router.php(784): Illuminate\\Routing\\Router->runRouteWithinStack()
#28 /home/u687296738/domains/pinoyspecialsrecipe.online/public_html/pinoyspecials/vendor/laravel/framework/src/Illuminate/Routing/Router.php(748): Illuminate\\Routing\\Router->runRoute()
#29 /home/u687296738/domains/pinoyspecialsrecipe.online/public_html/pinoyspecials/vendor/laravel/framework/src/Illuminate/Routing/Router.php(737): Illuminate\\Routing\\Router->dispatchToRoute()
#30 /home/u687296738/domains/pinoyspecialsrecipe.online/public_html/pinoyspecials/vendor/laravel/framework/src/Illuminate/Foundation/Http/Kernel.php(200): Illuminate\\Routing\\Router->dispatch()
#31 /home/u687296738/domains/pinoyspecialsrecipe.online/public_html/pinoyspecials/vendor/laravel/framework/src/Illuminate/Pipeline/Pipeline.php(144): Illuminate\\Foundation\\Http\\Kernel->Illuminate\\Foundation\\Http\\{closure}()
#32 /home/u687296738/domains/pinoyspecialsrecipe.online/public_html/pinoyspecials/vendor/livewire/livewire/src/Features/SupportDisablingBackButtonCache/DisableBackButtonCacheMiddleware.php(19): Illuminate\\Pipeline\\Pipeline->Illuminate\\Pipeline\\{closure}()
#33 /home/u687296738/domains/pinoyspecialsrecipe.online/public_html/pinoyspecials/vendor/laravel/framework/src/Illuminate/Pipeline/Pipeline.php(183): Livewire\\Features\\SupportDisablingBackButtonCache\\DisableBackButtonCacheMiddleware->handle()
#34 /home/u687296738/domains/pinoyspecialsrecipe.online/public_html/pinoyspecials/vendor/laravel/framework/src/Illuminate/Foundation/Http/Middleware/TransformsRequest.php(21): Illuminate\\Pipeline\\Pipeline->Illuminate\\Pipeline\\{closure}()
#35 /home/u687296738/domains/pinoyspecialsrecipe.online/public_html/pinoyspecials/vendor/laravel/framework/src/Illuminate/Foundation/Http/Middleware/ConvertEmptyStringsToNull.php(31): Illuminate\\Foundation\\Http\\Middleware\\TransformsRequest->handle()
#36 /home/u687296738/domains/pinoyspecialsrecipe.online/public_html/pinoyspecials/vendor/laravel/framework/src/Illuminate/Pipeline/Pipeline.php(183): Illuminate\\Foundation\\Http\\Middleware\\ConvertEmptyStringsToNull->handle()
#37 /home/u687296738/domains/pinoyspecialsrecipe.online/public_html/pinoyspecials/vendor/laravel/framework/src/Illuminate/Foundation/Http/Middleware/TransformsRequest.php(21): Illuminate\\Pipeline\\Pipeline->Illuminate\\Pipeline\\{closure}()
#38 /home/u687296738/domains/pinoyspecialsrecipe.online/public_html/pinoyspecials/vendor/laravel/framework/src/Illuminate/Foundation/Http/Middleware/TrimStrings.php(40): Illuminate\\Foundation\\Http\\Middleware\\TransformsRequest->handle()
#39 /home/u687296738/domains/pinoyspecialsrecipe.online/public_html/pinoyspecials/vendor/laravel/framework/src/Illuminate/Pipeline/Pipeline.php(183): Illuminate\\Foundation\\Http\\Middleware\\TrimStrings->handle()
#40 /home/u687296738/domains/pinoyspecialsrecipe.online/public_html/pinoyspecials/vendor/laravel/framework/src/Illuminate/Foundation/Http/Middleware/ValidatePostSize.php(27): Illuminate\\Pipeline\\Pipeline->Illuminate\\Pipeline\\{closure}()
#41 /home/u687296738/domains/pinoyspecialsrecipe.online/public_html/pinoyspecials/vendor/laravel/framework/src/Illuminate/Pipeline/Pipeline.php(183): Illuminate\\Foundation\\Http\\Middleware\\ValidatePostSize->handle()
#42 /home/u687296738/domains/pinoyspecialsrecipe.online/public_html/pinoyspecials/vendor/laravel/framework/src/Illuminate/Foundation/Http/Middleware/PreventRequestsDuringMaintenance.php(99): Illuminate\\Pipeline\\Pipeline->Illuminate\\Pipeline\\{closure}()
#43 /home/u687296738/domains/pinoyspecialsrecipe.online/public_html/pinoyspecials/vendor/laravel/framework/src/Illuminate/Pipeline/Pipeline.php(183): Illuminate\\Foundation\\Http\\Middleware\\PreventRequestsDuringMaintenance->handle()
#44 /home/u687296738/domains/pinoyspecialsrecipe.online/public_html/pinoyspecials/vendor/laravel/framework/src/Illuminate/Http/Middleware/HandleCors.php(49): Illuminate\\Pipeline\\Pipeline->Illuminate\\Pipeline\\{closure}()
#45 /home/u687296738/domains/pinoyspecialsrecipe.online/public_html/pinoyspecials/vendor/laravel/framework/src/Illuminate/Pipeline/Pipeline.php(183): Illuminate\\Http\\Middleware\\HandleCors->handle()
#46 /home/u687296738/domains/pinoyspecialsrecipe.online/public_html/pinoyspecials/vendor/laravel/framework/src/Illuminate/Http/Middleware/TrustProxies.php(39): Illuminate\\Pipeline\\Pipeline->Illuminate\\Pipeline\\{closure}()
#47 /home/u687296738/domains/pinoyspecialsrecipe.online/public_html/pinoyspecials/vendor/laravel/framework/src/Illuminate/Pipeline/Pipeline.php(183): Illuminate\\Http\\Middleware\\TrustProxies->handle()
#48 /home/u687296738/domains/pinoyspecialsrecipe.online/public_html/pinoyspecials/vendor/laravel/framework/src/Illuminate/Pipeline/Pipeline.php(119): Illuminate\\Pipeline\\Pipeline->Illuminate\\Pipeline\\{closure}()
#49 /home/u687296738/domains/pinoyspecialsrecipe.online/public_html/pinoyspecials/vendor/laravel/framework/src/Illuminate/Foundation/Http/Kernel.php(175): Illuminate\\Pipeline\\Pipeline->then()
#50 /home/u687296738/domains/pinoyspecialsrecipe.online/public_html/pinoyspecials/vendor/laravel/framework/src/Illuminate/Foundation/Http/Kernel.php(144): Illuminate\\Foundation\\Http\\Kernel->sendRequestThroughRouter()
#51 /home/u687296738/domains/pinoyspecialsrecipe.online/public_html/pinoyspecials/public/index.php(51): Illuminate\\Foundation\\Http\\Kernel->handle()
#52 {main}
"} 
[2024-03-09 15:13:59] local.ERROR: file_put_contents(C:\Users\MARKBEL\OneDrive\Nitro 5\Nitro 5 My Documents\ASUNCION_GROUPACT\Project Web\Final-PS\storage\framework/sessions/XQij5sYqwpAPxwNCc3y5zkDWPG5stPsCbxpU10IK): Failed to open stream: No such file or directory {"exception":"[object] (ErrorException(code: 0): file_put_contents(C:\\Users\\MARKBEL\\OneDrive\\Nitro 5\\Nitro 5 My Documents\\ASUNCION_GROUPACT\\Project Web\\Final-PS\\storage\\framework/sessions/XQij5sYqwpAPxwNCc3y5zkDWPG5stPsCbxpU10IK): Failed to open stream: No such file or directory at /home/u687296738/domains/pinoyspecialsrecipe.online/public_html/pinoyspecials/vendor/laravel/framework/src/Illuminate/Filesystem/Filesystem.php:205)
[stacktrace]
#0 /home/u687296738/domains/pinoyspecialsrecipe.online/public_html/pinoyspecials/vendor/laravel/framework/src/Illuminate/Foundation/Bootstrap/HandleExceptions.php(255): Illuminate\\Foundation\\Bootstrap\\HandleExceptions->handleError()
#1 [internal function]: Illuminate\\Foundation\\Bootstrap\\HandleExceptions->Illuminate\\Foundation\\Bootstrap\\{closure}()
#2 /home/u687296738/domains/pinoyspecialsrecipe.online/public_html/pinoyspecials/vendor/laravel/framework/src/Illuminate/Filesystem/Filesystem.php(205): file_put_contents()
#3 /home/u687296738/domains/pinoyspecialsrecipe.online/public_html/pinoyspecials/vendor/laravel/framework/src/Illuminate/Session/FileSessionHandler.php(90): Illuminate\\Filesystem\\Filesystem->put()
#4 /home/u687296738/domains/pinoyspecialsrecipe.online/public_html/pinoyspecials/vendor/laravel/framework/src/Illuminate/Session/Store.php(172): Illuminate\\Session\\FileSessionHandler->write()
#5 /home/u687296738/domains/pinoyspecialsrecipe.online/public_html/pinoyspecials/vendor/laravel/framework/src/Illuminate/Session/Middleware/StartSession.php(245): Illuminate\\Session\\Store->save()
#6 /home/u687296738/domains/pinoyspecialsrecipe.online/public_html/pinoyspecials/vendor/laravel/framework/src/Illuminate/Session/Middleware/StartSession.php(130): Illuminate\\Session\\Middleware\\StartSession->saveSession()
#7 /home/u687296738/domains/pinoyspecialsrecipe.online/public_html/pinoyspecials/vendor/laravel/framework/src/Illuminate/Session/Middleware/StartSession.php(64): Illuminate\\Session\\Middleware\\StartSession->handleStatefulRequest()
#8 /home/u687296738/domains/pinoyspecialsrecipe.online/public_html/pinoyspecials/vendor/laravel/framework/src/Illuminate/Pipeline/Pipeline.php(183): Illuminate\\Session\\Middleware\\StartSession->handle()
#9 /home/u687296738/domains/pinoyspecialsrecipe.online/public_html/pinoyspecials/vendor/laravel/framework/src/Illuminate/Cookie/Middleware/AddQueuedCookiesToResponse.php(37): Illuminate\\Pipeline\\Pipeline->Illuminate\\Pipeline\\{closure}()
#10 /home/u687296738/domains/pinoyspecialsrecipe.online/public_html/pinoyspecials/vendor/laravel/framework/src/Illuminate/Pipeline/Pipeline.php(183): Illuminate\\Cookie\\Middleware\\AddQueuedCookiesToResponse->handle()
#11 /home/u687296738/domains/pinoyspecialsrecipe.online/public_html/pinoyspecials/vendor/laravel/framework/src/Illuminate/Cookie/Middleware/EncryptCookies.php(67): Illuminate\\Pipeline\\Pipeline->Illuminate\\Pipeline\\{closure}()
#12 /home/u687296738/domains/pinoyspecialsrecipe.online/public_html/pinoyspecials/vendor/laravel/framework/src/Illuminate/Pipeline/Pipeline.php(183): Illuminate\\Cookie\\Middleware\\EncryptCookies->handle()
#13 /home/u687296738/domains/pinoyspecialsrecipe.online/public_html/pinoyspecials/vendor/laravel/framework/src/Illuminate/Pipeline/Pipeline.php(119): Illuminate\\Pipeline\\Pipeline->Illuminate\\Pipeline\\{closure}()
#14 /home/u687296738/domains/pinoyspecialsrecipe.online/public_html/pinoyspecials/vendor/laravel/framework/src/Illuminate/Routing/Router.php(805): Illuminate\\Pipeline\\Pipeline->then()
#15 /home/u687296738/domains/pinoyspecialsrecipe.online/public_html/pinoyspecials/vendor/laravel/framework/src/Illuminate/Routing/Router.php(784): Illuminate\\Routing\\Router->runRouteWithinStack()
#16 /home/u687296738/domains/pinoyspecialsrecipe.online/public_html/pinoyspecials/vendor/laravel/framework/src/Illuminate/Routing/Router.php(748): Illuminate\\Routing\\Router->runRoute()
#17 /home/u687296738/domains/pinoyspecialsrecipe.online/public_html/pinoyspecials/vendor/laravel/framework/src/Illuminate/Routing/Router.php(737): Illuminate\\Routing\\Router->dispatchToRoute()
#18 /home/u687296738/domains/pinoyspecialsrecipe.online/public_html/pinoyspecials/vendor/laravel/framework/src/Illuminate/Foundation/Http/Kernel.php(200): Illuminate\\Routing\\Router->dispatch()
#19 /home/u687296738/domains/pinoyspecialsrecipe.online/public_html/pinoyspecials/vendor/laravel/framework/src/Illuminate/Pipeline/Pipeline.php(144): Illuminate\\Foundation\\Http\\Kernel->Illuminate\\Foundation\\Http\\{closure}()
#20 /home/u687296738/domains/pinoyspecialsrecipe.online/public_html/pinoyspecials/vendor/livewire/livewire/src/Features/SupportDisablingBackButtonCache/DisableBackButtonCacheMiddleware.php(19): Illuminate\\Pipeline\\Pipeline->Illuminate\\Pipeline\\{closure}()
#21 /home/u687296738/domains/pinoyspecialsrecipe.online/public_html/pinoyspecials/vendor/laravel/framework/src/Illuminate/Pipeline/Pipeline.php(183): Livewire\\Features\\SupportDisablingBackButtonCache\\DisableBackButtonCacheMiddleware->handle()
#22 /home/u687296738/domains/pinoyspecialsrecipe.online/public_html/pinoyspecials/vendor/laravel/framework/src/Illuminate/Foundation/Http/Middleware/TransformsRequest.php(21): Illuminate\\Pipeline\\Pipeline->Illuminate\\Pipeline\\{closure}()
#23 /home/u687296738/domains/pinoyspecialsrecipe.online/public_html/pinoyspecials/vendor/laravel/framework/src/Illuminate/Foundation/Http/Middleware/ConvertEmptyStringsToNull.php(31): Illuminate\\Foundation\\Http\\Middleware\\TransformsRequest->handle()
#24 /home/u687296738/domains/pinoyspecialsrecipe.online/public_html/pinoyspecials/vendor/laravel/framework/src/Illuminate/Pipeline/Pipeline.php(183): Illuminate\\Foundation\\Http\\Middleware\\ConvertEmptyStringsToNull->handle()
#25 /home/u687296738/domains/pinoyspecialsrecipe.online/public_html/pinoyspecials/vendor/laravel/framework/src/Illuminate/Foundation/Http/Middleware/TransformsRequest.php(21): Illuminate\\Pipeline\\Pipeline->Illuminate\\Pipeline\\{closure}()
#26 /home/u687296738/domains/pinoyspecialsrecipe.online/public_html/pinoyspecials/vendor/laravel/framework/src/Illuminate/Foundation/Http/Middleware/TrimStrings.php(40): Illuminate\\Foundation\\Http\\Middleware\\TransformsRequest->handle()
#27 /home/u687296738/domains/pinoyspecialsrecipe.online/public_html/pinoyspecials/vendor/laravel/framework/src/Illuminate/Pipeline/Pipeline.php(183): Illuminate\\Foundation\\Http\\Middleware\\TrimStrings->handle()
#28 /home/u687296738/domains/pinoyspecialsrecipe.online/public_html/pinoyspecials/vendor/laravel/framework/src/Illuminate/Foundation/Http/Middleware/ValidatePostSize.php(27): Illuminate\\Pipeline\\Pipeline->Illuminate\\Pipeline\\{closure}()
#29 /home/u687296738/domains/pinoyspecialsrecipe.online/public_html/pinoyspecials/vendor/laravel/framework/src/Illuminate/Pipeline/Pipeline.php(183): Illuminate\\Foundation\\Http\\Middleware\\ValidatePostSize->handle()
#30 /home/u687296738/domains/pinoyspecialsrecipe.online/public_html/pinoyspecials/vendor/laravel/framework/src/Illuminate/Foundation/Http/Middleware/PreventRequestsDuringMaintenance.php(99): Illuminate\\Pipeline\\Pipeline->Illuminate\\Pipeline\\{closure}()
#31 /home/u687296738/domains/pinoyspecialsrecipe.online/public_html/pinoyspecials/vendor/laravel/framework/src/Illuminate/Pipeline/Pipeline.php(183): Illuminate\\Foundation\\Http\\Middleware\\PreventRequestsDuringMaintenance->handle()
#32 /home/u687296738/domains/pinoyspecialsrecipe.online/public_html/pinoyspecials/vendor/laravel/framework/src/Illuminate/Http/Middleware/HandleCors.php(49): Illuminate\\Pipeline\\Pipeline->Illuminate\\Pipeline\\{closure}()
#33 /home/u687296738/domains/pinoyspecialsrecipe.online/public_html/pinoyspecials/vendor/laravel/framework/src/Illuminate/Pipeline/Pipeline.php(183): Illuminate\\Http\\Middleware\\HandleCors->handle()
#34 /home/u687296738/domains/pinoyspecialsrecipe.online/public_html/pinoyspecials/vendor/laravel/framework/src/Illuminate/Http/Middleware/TrustProxies.php(39): Illuminate\\Pipeline\\Pipeline->Illuminate\\Pipeline\\{closure}()
#35 /home/u687296738/domains/pinoyspecialsrecipe.online/public_html/pinoyspecials/vendor/laravel/framework/src/Illuminate/Pipeline/Pipeline.php(183): Illuminate\\Http\\Middleware\\TrustProxies->handle()
#36 /home/u687296738/domains/pinoyspecialsrecipe.online/public_html/pinoyspecials/vendor/laravel/framework/src/Illuminate/Pipeline/Pipeline.php(119): Illuminate\\Pipeline\\Pipeline->Illuminate\\Pipeline\\{closure}()
#37 /home/u687296738/domains/pinoyspecialsrecipe.online/public_html/pinoyspecials/vendor/laravel/framework/src/Illuminate/Foundation/Http/Kernel.php(175): Illuminate\\Pipeline\\Pipeline->then()
#38 /home/u687296738/domains/pinoyspecialsrecipe.online/public_html/pinoyspecials/vendor/laravel/framework/src/Illuminate/Foundation/Http/Kernel.php(144): Illuminate\\Foundation\\Http\\Kernel->sendRequestThroughRouter()
#39 /home/u687296738/domains/pinoyspecialsrecipe.online/public_html/pinoyspecials/public/index.php(51): Illuminate\\Foundation\\Http\\Kernel->handle()
#40 {main}
"} 
[2024-03-09 15:13:59] local.ERROR: View [Auth.register] not found. {"exception":"[object] (InvalidArgumentException(code: 0): View [Auth.register] not found. at /home/u687296738/domains/pinoyspecialsrecipe.online/public_html/pinoyspecials/vendor/laravel/framework/src/Illuminate/View/FileViewFinder.php:137)
[stacktrace]
#0 /home/u687296738/domains/pinoyspecialsrecipe.online/public_html/pinoyspecials/vendor/laravel/framework/src/Illuminate/View/FileViewFinder.php(79): Illuminate\\View\\FileViewFinder->findInPaths()
#1 /home/u687296738/domains/pinoyspecialsrecipe.online/public_html/pinoyspecials/vendor/laravel/framework/src/Illuminate/View/Factory.php(137): Illuminate\\View\\FileViewFinder->find()
#2 /home/u687296738/domains/pinoyspecialsrecipe.online/public_html/pinoyspecials/vendor/laravel/framework/src/Illuminate/Foundation/helpers.php(1020): Illuminate\\View\\Factory->make()
#3 /home/u687296738/domains/pinoyspecialsrecipe.online/public_html/pinoyspecials/app/Http/Controllers/Auth/LoginRegisterCtrl.php(96): view()
#4 /home/u687296738/domains/pinoyspecialsrecipe.online/public_html/pinoyspecials/vendor/laravel/framework/src/Illuminate/Routing/Controller.php(54): App\\Http\\Controllers\\Auth\\LoginRegisterCtrl->register()
#5 /home/u687296738/domains/pinoyspecialsrecipe.online/public_html/pinoyspecials/vendor/laravel/framework/src/Illuminate/Routing/ControllerDispatcher.php(43): Illuminate\\Routing\\Controller->callAction()
#6 /home/u687296738/domains/pinoyspecialsrecipe.online/public_html/pinoyspecials/vendor/laravel/framework/src/Illuminate/Routing/Route.php(259): Illuminate\\Routing\\ControllerDispatcher->dispatch()
#7 /home/u687296738/domains/pinoyspecialsrecipe.online/public_html/pinoyspecials/vendor/laravel/framework/src/Illuminate/Routing/Route.php(205): Illuminate\\Routing\\Route->runController()
#8 /home/u687296738/domains/pinoyspecialsrecipe.online/public_html/pinoyspecials/vendor/laravel/framework/src/Illuminate/Routing/Router.php(806): Illuminate\\Routing\\Route->run()
#9 /home/u687296738/domains/pinoyspecialsrecipe.online/public_html/pinoyspecials/vendor/laravel/framework/src/Illuminate/Pipeline/Pipeline.php(144): Illuminate\\Routing\\Router->Illuminate\\Routing\\{closure}()
#10 /home/u687296738/domains/pinoyspecialsrecipe.online/public_html/pinoyspecials/app/Http/Middleware/RedirectIfAuthenticated.php(28): Illuminate\\Pipeline\\Pipeline->Illuminate\\Pipeline\\{closure}()
#11 /home/u687296738/domains/pinoyspecialsrecipe.online/public_html/pinoyspecials/vendor/laravel/framework/src/Illuminate/Pipeline/Pipeline.php(183): App\\Http\\Middleware\\RedirectIfAuthenticated->handle()
#12 /home/u687296738/domains/pinoyspecialsrecipe.online/public_html/pinoyspecials/vendor/laravel/framework/src/Illuminate/Routing/Middleware/SubstituteBindings.php(50): Illuminate\\Pipeline\\Pipeline->Illuminate\\Pipeline\\{closure}()
#13 /home/u687296738/domains/pinoyspecialsrecipe.online/public_html/pinoyspecials/vendor/laravel/framework/src/Illuminate/Pipeline/Pipeline.php(183): Illuminate\\Routing\\Middleware\\SubstituteBindings->handle()
#14 /home/u687296738/domains/pinoyspecialsrecipe.online/public_html/pinoyspecials/vendor/laravel/framework/src/Illuminate/Foundation/Http/Middleware/VerifyCsrfToken.php(78): Illuminate\\Pipeline\\Pipeline->Illuminate\\Pipeline\\{closure}()
#15 /home/u687296738/domains/pinoyspecialsrecipe.online/public_html/pinoyspecials/vendor/laravel/framework/src/Illuminate/Pipeline/Pipeline.php(183): Illuminate\\Foundation\\Http\\Middleware\\VerifyCsrfToken->handle()
#16 /home/u687296738/domains/pinoyspecialsrecipe.online/public_html/pinoyspecials/vendor/laravel/framework/src/Illuminate/View/Middleware/ShareErrorsFromSession.php(49): Illuminate\\Pipeline\\Pipeline->Illuminate\\Pipeline\\{closure}()
#17 /home/u687296738/domains/pinoyspecialsrecipe.online/public_html/pinoyspecials/vendor/laravel/framework/src/Illuminate/Pipeline/Pipeline.php(183): Illuminate\\View\\Middleware\\ShareErrorsFromSession->handle()
#18 /home/u687296738/domains/pinoyspecialsrecipe.online/public_html/pinoyspecials/vendor/laravel/framework/src/Illuminate/Session/Middleware/StartSession.php(121): Illuminate\\Pipeline\\Pipeline->Illuminate\\Pipeline\\{closure}()
#19 /home/u687296738/domains/pinoyspecialsrecipe.online/public_html/pinoyspecials/vendor/laravel/framework/src/Illuminate/Session/Middleware/StartSession.php(64): Illuminate\\Session\\Middleware\\StartSession->handleStatefulRequest()
#20 /home/u687296738/domains/pinoyspecialsrecipe.online/public_html/pinoyspecials/vendor/laravel/framework/src/Illuminate/Pipeline/Pipeline.php(183): Illuminate\\Session\\Middleware\\StartSession->handle()
#21 /home/u687296738/domains/pinoyspecialsrecipe.online/public_html/pinoyspecials/vendor/laravel/framework/src/Illuminate/Cookie/Middleware/AddQueuedCookiesToResponse.php(37): Illuminate\\Pipeline\\Pipeline->Illuminate\\Pipeline\\{closure}()
#22 /home/u687296738/domains/pinoyspecialsrecipe.online/public_html/pinoyspecials/vendor/laravel/framework/src/Illuminate/Pipeline/Pipeline.php(183): Illuminate\\Cookie\\Middleware\\AddQueuedCookiesToResponse->handle()
#23 /home/u687296738/domains/pinoyspecialsrecipe.online/public_html/pinoyspecials/vendor/laravel/framework/src/Illuminate/Cookie/Middleware/EncryptCookies.php(67): Illuminate\\Pipeline\\Pipeline->Illuminate\\Pipeline\\{closure}()
#24 /home/u687296738/domains/pinoyspecialsrecipe.online/public_html/pinoyspecials/vendor/laravel/framework/src/Illuminate/Pipeline/Pipeline.php(183): Illuminate\\Cookie\\Middleware\\EncryptCookies->handle()
#25 /home/u687296738/domains/pinoyspecialsrecipe.online/public_html/pinoyspecials/vendor/laravel/framework/src/Illuminate/Pipeline/Pipeline.php(119): Illuminate\\Pipeline\\Pipeline->Illuminate\\Pipeline\\{closure}()
#26 /home/u687296738/domains/pinoyspecialsrecipe.online/public_html/pinoyspecials/vendor/laravel/framework/src/Illuminate/Routing/Router.php(805): Illuminate\\Pipeline\\Pipeline->then()
#27 /home/u687296738/domains/pinoyspecialsrecipe.online/public_html/pinoyspecials/vendor/laravel/framework/src/Illuminate/Routing/Router.php(784): Illuminate\\Routing\\Router->runRouteWithinStack()
#28 /home/u687296738/domains/pinoyspecialsrecipe.online/public_html/pinoyspecials/vendor/laravel/framework/src/Illuminate/Routing/Router.php(748): Illuminate\\Routing\\Router->runRoute()
#29 /home/u687296738/domains/pinoyspecialsrecipe.online/public_html/pinoyspecials/vendor/laravel/framework/src/Illuminate/Routing/Router.php(737): Illuminate\\Routing\\Router->dispatchToRoute()
#30 /home/u687296738/domains/pinoyspecialsrecipe.online/public_html/pinoyspecials/vendor/laravel/framework/src/Illuminate/Foundation/Http/Kernel.php(200): Illuminate\\Routing\\Router->dispatch()
#31 /home/u687296738/domains/pinoyspecialsrecipe.online/public_html/pinoyspecials/vendor/laravel/framework/src/Illuminate/Pipeline/Pipeline.php(144): Illuminate\\Foundation\\Http\\Kernel->Illuminate\\Foundation\\Http\\{closure}()
#32 /home/u687296738/domains/pinoyspecialsrecipe.online/public_html/pinoyspecials/vendor/livewire/livewire/src/Features/SupportDisablingBackButtonCache/DisableBackButtonCacheMiddleware.php(19): Illuminate\\Pipeline\\Pipeline->Illuminate\\Pipeline\\{closure}()
#33 /home/u687296738/domains/pinoyspecialsrecipe.online/public_html/pinoyspecials/vendor/laravel/framework/src/Illuminate/Pipeline/Pipeline.php(183): Livewire\\Features\\SupportDisablingBackButtonCache\\DisableBackButtonCacheMiddleware->handle()
#34 /home/u687296738/domains/pinoyspecialsrecipe.online/public_html/pinoyspecials/vendor/laravel/framework/src/Illuminate/Foundation/Http/Middleware/TransformsRequest.php(21): Illuminate\\Pipeline\\Pipeline->Illuminate\\Pipeline\\{closure}()
#35 /home/u687296738/domains/pinoyspecialsrecipe.online/public_html/pinoyspecials/vendor/laravel/framework/src/Illuminate/Foundation/Http/Middleware/ConvertEmptyStringsToNull.php(31): Illuminate\\Foundation\\Http\\Middleware\\TransformsRequest->handle()
#36 /home/u687296738/domains/pinoyspecialsrecipe.online/public_html/pinoyspecials/vendor/laravel/framework/src/Illuminate/Pipeline/Pipeline.php(183): Illuminate\\Foundation\\Http\\Middleware\\ConvertEmptyStringsToNull->handle()
#37 /home/u687296738/domains/pinoyspecialsrecipe.online/public_html/pinoyspecials/vendor/laravel/framework/src/Illuminate/Foundation/Http/Middleware/TransformsRequest.php(21): Illuminate\\Pipeline\\Pipeline->Illuminate\\Pipeline\\{closure}()
#38 /home/u687296738/domains/pinoyspecialsrecipe.online/public_html/pinoyspecials/vendor/laravel/framework/src/Illuminate/Foundation/Http/Middleware/TrimStrings.php(40): Illuminate\\Foundation\\Http\\Middleware\\TransformsRequest->handle()
#39 /home/u687296738/domains/pinoyspecialsrecipe.online/public_html/pinoyspecials/vendor/laravel/framework/src/Illuminate/Pipeline/Pipeline.php(183): Illuminate\\Foundation\\Http\\Middleware\\TrimStrings->handle()
#40 /home/u687296738/domains/pinoyspecialsrecipe.online/public_html/pinoyspecials/vendor/laravel/framework/src/Illuminate/Foundation/Http/Middleware/ValidatePostSize.php(27): Illuminate\\Pipeline\\Pipeline->Illuminate\\Pipeline\\{closure}()
#41 /home/u687296738/domains/pinoyspecialsrecipe.online/public_html/pinoyspecials/vendor/laravel/framework/src/Illuminate/Pipeline/Pipeline.php(183): Illuminate\\Foundation\\Http\\Middleware\\ValidatePostSize->handle()
#42 /home/u687296738/domains/pinoyspecialsrecipe.online/public_html/pinoyspecials/vendor/laravel/framework/src/Illuminate/Foundation/Http/Middleware/PreventRequestsDuringMaintenance.php(99): Illuminate\\Pipeline\\Pipeline->Illuminate\\Pipeline\\{closure}()
#43 /home/u687296738/domains/pinoyspecialsrecipe.online/public_html/pinoyspecials/vendor/laravel/framework/src/Illuminate/Pipeline/Pipeline.php(183): Illuminate\\Foundation\\Http\\Middleware\\PreventRequestsDuringMaintenance->handle()
#44 /home/u687296738/domains/pinoyspecialsrecipe.online/public_html/pinoyspecials/vendor/laravel/framework/src/Illuminate/Http/Middleware/HandleCors.php(49): Illuminate\\Pipeline\\Pipeline->Illuminate\\Pipeline\\{closure}()
#45 /home/u687296738/domains/pinoyspecialsrecipe.online/public_html/pinoyspecials/vendor/laravel/framework/src/Illuminate/Pipeline/Pipeline.php(183): Illuminate\\Http\\Middleware\\HandleCors->handle()
#46 /home/u687296738/domains/pinoyspecialsrecipe.online/public_html/pinoyspecials/vendor/laravel/framework/src/Illuminate/Http/Middleware/TrustProxies.php(39): Illuminate\\Pipeline\\Pipeline->Illuminate\\Pipeline\\{closure}()
#47 /home/u687296738/domains/pinoyspecialsrecipe.online/public_html/pinoyspecials/vendor/laravel/framework/src/Illuminate/Pipeline/Pipeline.php(183): Illuminate\\Http\\Middleware\\TrustProxies->handle()
#48 /home/u687296738/domains/pinoyspecialsrecipe.online/public_html/pinoyspecials/vendor/laravel/framework/src/Illuminate/Pipeline/Pipeline.php(119): Illuminate\\Pipeline\\Pipeline->Illuminate\\Pipeline\\{closure}()
#49 /home/u687296738/domains/pinoyspecialsrecipe.online/public_html/pinoyspecials/vendor/laravel/framework/src/Illuminate/Foundation/Http/Kernel.php(175): Illuminate\\Pipeline\\Pipeline->then()
#50 /home/u687296738/domains/pinoyspecialsrecipe.online/public_html/pinoyspecials/vendor/laravel/framework/src/Illuminate/Foundation/Http/Kernel.php(144): Illuminate\\Foundation\\Http\\Kernel->sendRequestThroughRouter()
#51 /home/u687296738/domains/pinoyspecialsrecipe.online/public_html/pinoyspecials/public/index.php(51): Illuminate\\Foundation\\Http\\Kernel->handle()
#52 {main}
"} 
[2024-03-09 15:13:59] local.ERROR: file_put_contents(C:\Users\MARKBEL\OneDrive\Nitro 5\Nitro 5 My Documents\ASUNCION_GROUPACT\Project Web\Final-PS\storage\framework/sessions/rQG7KJVsRVyQhNcxYOtXjpRl3Np4XlGpiK34GZyU): Failed to open stream: No such file or directory {"exception":"[object] (ErrorException(code: 0): file_put_contents(C:\\Users\\MARKBEL\\OneDrive\\Nitro 5\\Nitro 5 My Documents\\ASUNCION_GROUPACT\\Project Web\\Final-PS\\storage\\framework/sessions/rQG7KJVsRVyQhNcxYOtXjpRl3Np4XlGpiK34GZyU): Failed to open stream: No such file or directory at /home/u687296738/domains/pinoyspecialsrecipe.online/public_html/pinoyspecials/vendor/laravel/framework/src/Illuminate/Filesystem/Filesystem.php:205)
[stacktrace]
#0 /home/u687296738/domains/pinoyspecialsrecipe.online/public_html/pinoyspecials/vendor/laravel/framework/src/Illuminate/Foundation/Bootstrap/HandleExceptions.php(255): Illuminate\\Foundation\\Bootstrap\\HandleExceptions->handleError()
#1 [internal function]: Illuminate\\Foundation\\Bootstrap\\HandleExceptions->Illuminate\\Foundation\\Bootstrap\\{closure}()
#2 /home/u687296738/domains/pinoyspecialsrecipe.online/public_html/pinoyspecials/vendor/laravel/framework/src/Illuminate/Filesystem/Filesystem.php(205): file_put_contents()
#3 /home/u687296738/domains/pinoyspecialsrecipe.online/public_html/pinoyspecials/vendor/laravel/framework/src/Illuminate/Session/FileSessionHandler.php(90): Illuminate\\Filesystem\\Filesystem->put()
#4 /home/u687296738/domains/pinoyspecialsrecipe.online/public_html/pinoyspecials/vendor/laravel/framework/src/Illuminate/Session/Store.php(172): Illuminate\\Session\\FileSessionHandler->write()
#5 /home/u687296738/domains/pinoyspecialsrecipe.online/public_html/pinoyspecials/vendor/laravel/framework/src/Illuminate/Session/Middleware/StartSession.php(245): Illuminate\\Session\\Store->save()
#6 /home/u687296738/domains/pinoyspecialsrecipe.online/public_html/pinoyspecials/vendor/laravel/framework/src/Illuminate/Session/Middleware/StartSession.php(130): Illuminate\\Session\\Middleware\\StartSession->saveSession()
#7 /home/u687296738/domains/pinoyspecialsrecipe.online/public_html/pinoyspecials/vendor/laravel/framework/src/Illuminate/Session/Middleware/StartSession.php(64): Illuminate\\Session\\Middleware\\StartSession->handleStatefulRequest()
#8 /home/u687296738/domains/pinoyspecialsrecipe.online/public_html/pinoyspecials/vendor/laravel/framework/src/Illuminate/Pipeline/Pipeline.php(183): Illuminate\\Session\\Middleware\\StartSession->handle()
#9 /home/u687296738/domains/pinoyspecialsrecipe.online/public_html/pinoyspecials/vendor/laravel/framework/src/Illuminate/Cookie/Middleware/AddQueuedCookiesToResponse.php(37): Illuminate\\Pipeline\\Pipeline->Illuminate\\Pipeline\\{closure}()
#10 /home/u687296738/domains/pinoyspecialsrecipe.online/public_html/pinoyspecials/vendor/laravel/framework/src/Illuminate/Pipeline/Pipeline.php(183): Illuminate\\Cookie\\Middleware\\AddQueuedCookiesToResponse->handle()
#11 /home/u687296738/domains/pinoyspecialsrecipe.online/public_html/pinoyspecials/vendor/laravel/framework/src/Illuminate/Cookie/Middleware/EncryptCookies.php(67): Illuminate\\Pipeline\\Pipeline->Illuminate\\Pipeline\\{closure}()
#12 /home/u687296738/domains/pinoyspecialsrecipe.online/public_html/pinoyspecials/vendor/laravel/framework/src/Illuminate/Pipeline/Pipeline.php(183): Illuminate\\Cookie\\Middleware\\EncryptCookies->handle()
#13 /home/u687296738/domains/pinoyspecialsrecipe.online/public_html/pinoyspecials/vendor/laravel/framework/src/Illuminate/Pipeline/Pipeline.php(119): Illuminate\\Pipeline\\Pipeline->Illuminate\\Pipeline\\{closure}()
#14 /home/u687296738/domains/pinoyspecialsrecipe.online/public_html/pinoyspecials/vendor/laravel/framework/src/Illuminate/Routing/Router.php(805): Illuminate\\Pipeline\\Pipeline->then()
#15 /home/u687296738/domains/pinoyspecialsrecipe.online/public_html/pinoyspecials/vendor/laravel/framework/src/Illuminate/Routing/Router.php(784): Illuminate\\Routing\\Router->runRouteWithinStack()
#16 /home/u687296738/domains/pinoyspecialsrecipe.online/public_html/pinoyspecials/vendor/laravel/framework/src/Illuminate/Routing/Router.php(748): Illuminate\\Routing\\Router->runRoute()
#17 /home/u687296738/domains/pinoyspecialsrecipe.online/public_html/pinoyspecials/vendor/laravel/framework/src/Illuminate/Routing/Router.php(737): Illuminate\\Routing\\Router->dispatchToRoute()
#18 /home/u687296738/domains/pinoyspecialsrecipe.online/public_html/pinoyspecials/vendor/laravel/framework/src/Illuminate/Foundation/Http/Kernel.php(200): Illuminate\\Routing\\Router->dispatch()
#19 /home/u687296738/domains/pinoyspecialsrecipe.online/public_html/pinoyspecials/vendor/laravel/framework/src/Illuminate/Pipeline/Pipeline.php(144): Illuminate\\Foundation\\Http\\Kernel->Illuminate\\Foundation\\Http\\{closure}()
#20 /home/u687296738/domains/pinoyspecialsrecipe.online/public_html/pinoyspecials/vendor/livewire/livewire/src/Features/SupportDisablingBackButtonCache/DisableBackButtonCacheMiddleware.php(19): Illuminate\\Pipeline\\Pipeline->Illuminate\\Pipeline\\{closure}()
#21 /home/u687296738/domains/pinoyspecialsrecipe.online/public_html/pinoyspecials/vendor/laravel/framework/src/Illuminate/Pipeline/Pipeline.php(183): Livewire\\Features\\SupportDisablingBackButtonCache\\DisableBackButtonCacheMiddleware->handle()
#22 /home/u687296738/domains/pinoyspecialsrecipe.online/public_html/pinoyspecials/vendor/laravel/framework/src/Illuminate/Foundation/Http/Middleware/TransformsRequest.php(21): Illuminate\\Pipeline\\Pipeline->Illuminate\\Pipeline\\{closure}()
#23 /home/u687296738/domains/pinoyspecialsrecipe.online/public_html/pinoyspecials/vendor/laravel/framework/src/Illuminate/Foundation/Http/Middleware/ConvertEmptyStringsToNull.php(31): Illuminate\\Foundation\\Http\\Middleware\\TransformsRequest->handle()
#24 /home/u687296738/domains/pinoyspecialsrecipe.online/public_html/pinoyspecials/vendor/laravel/framework/src/Illuminate/Pipeline/Pipeline.php(183): Illuminate\\Foundation\\Http\\Middleware\\ConvertEmptyStringsToNull->handle()
#25 /home/u687296738/domains/pinoyspecialsrecipe.online/public_html/pinoyspecials/vendor/laravel/framework/src/Illuminate/Foundation/Http/Middleware/TransformsRequest.php(21): Illuminate\\Pipeline\\Pipeline->Illuminate\\Pipeline\\{closure}()
#26 /home/u687296738/domains/pinoyspecialsrecipe.online/public_html/pinoyspecials/vendor/laravel/framework/src/Illuminate/Foundation/Http/Middleware/TrimStrings.php(40): Illuminate\\Foundation\\Http\\Middleware\\TransformsRequest->handle()
#27 /home/u687296738/domains/pinoyspecialsrecipe.online/public_html/pinoyspecials/vendor/laravel/framework/src/Illuminate/Pipeline/Pipeline.php(183): Illuminate\\Foundation\\Http\\Middleware\\TrimStrings->handle()
#28 /home/u687296738/domains/pinoyspecialsrecipe.online/public_html/pinoyspecials/vendor/laravel/framework/src/Illuminate/Foundation/Http/Middleware/ValidatePostSize.php(27): Illuminate\\Pipeline\\Pipeline->Illuminate\\Pipeline\\{closure}()
#29 /home/u687296738/domains/pinoyspecialsrecipe.online/public_html/pinoyspecials/vendor/laravel/framework/src/Illuminate/Pipeline/Pipeline.php(183): Illuminate\\Foundation\\Http\\Middleware\\ValidatePostSize->handle()
#30 /home/u687296738/domains/pinoyspecialsrecipe.online/public_html/pinoyspecials/vendor/laravel/framework/src/Illuminate/Foundation/Http/Middleware/PreventRequestsDuringMaintenance.php(99): Illuminate\\Pipeline\\Pipeline->Illuminate\\Pipeline\\{closure}()
#31 /home/u687296738/domains/pinoyspecialsrecipe.online/public_html/pinoyspecials/vendor/laravel/framework/src/Illuminate/Pipeline/Pipeline.php(183): Illuminate\\Foundation\\Http\\Middleware\\PreventRequestsDuringMaintenance->handle()
#32 /home/u687296738/domains/pinoyspecialsrecipe.online/public_html/pinoyspecials/vendor/laravel/framework/src/Illuminate/Http/Middleware/HandleCors.php(49): Illuminate\\Pipeline\\Pipeline->Illuminate\\Pipeline\\{closure}()
#33 /home/u687296738/domains/pinoyspecialsrecipe.online/public_html/pinoyspecials/vendor/laravel/framework/src/Illuminate/Pipeline/Pipeline.php(183): Illuminate\\Http\\Middleware\\HandleCors->handle()
#34 /home/u687296738/domains/pinoyspecialsrecipe.online/public_html/pinoyspecials/vendor/laravel/framework/src/Illuminate/Http/Middleware/TrustProxies.php(39): Illuminate\\Pipeline\\Pipeline->Illuminate\\Pipeline\\{closure}()
#35 /home/u687296738/domains/pinoyspecialsrecipe.online/public_html/pinoyspecials/vendor/laravel/framework/src/Illuminate/Pipeline/Pipeline.php(183): Illuminate\\Http\\Middleware\\TrustProxies->handle()
#36 /home/u687296738/domains/pinoyspecialsrecipe.online/public_html/pinoyspecials/vendor/laravel/framework/src/Illuminate/Pipeline/Pipeline.php(119): Illuminate\\Pipeline\\Pipeline->Illuminate\\Pipeline\\{closure}()
#37 /home/u687296738/domains/pinoyspecialsrecipe.online/public_html/pinoyspecials/vendor/laravel/framework/src/Illuminate/Foundation/Http/Kernel.php(175): Illuminate\\Pipeline\\Pipeline->then()
#38 /home/u687296738/domains/pinoyspecialsrecipe.online/public_html/pinoyspecials/vendor/laravel/framework/src/Illuminate/Foundation/Http/Kernel.php(144): Illuminate\\Foundation\\Http\\Kernel->sendRequestThroughRouter()
#39 /home/u687296738/domains/pinoyspecialsrecipe.online/public_html/pinoyspecials/public/index.php(51): Illuminate\\Foundation\\Http\\Kernel->handle()
#40 {main}
"} 
